# JRE version: OpenJDK Runtime Environment (11.0.12+7) (build 11.0.12+7-b1504.28-7817840)
# Java VM: OpenJDK 64-Bit Server VM (11.0.12+7-b1504.28-7817840, mixed mode, tiered, compressed oops, g1 gc, windows-amd64)
Heap:
 garbage-first heap   total 187392K, used 107661K [0x0000000080000000, 0x0000000100000000)
  region size 1024K, 2 young (2048K), 2 survivors (2048K)
 Metaspace       used 91920K, capacity 94193K, committed 94380K, reserved 1130496K
  class space    used 11852K, capacity 12680K, committed 12800K, reserved 1048576K
GC Heap History (20 events):
Event: 26.645 GC heap after
{Heap after GC invocations=22 (full 0):
 garbage-first heap   total 155648K, used 85177K [0x0000000080000000, 0x0000000100000000)
  region size 1024K, 6 young (6144K), 6 survivors (6144K)
 Metaspace       used 87037K, capacity 89206K, committed 89516K, reserved 1126400K
  class space    used 11347K, capacity 12186K, committed 12288K, reserved 1048576K
}
Event: 28.028 GC heap before
{Heap before GC invocations=23 (full 0):
 garbage-first heap   total 155648K, used 126137K [0x0000000080000000, 0x0000000100000000)
  region size 1024K, 47 young (48128K), 6 survivors (6144K)
 Metaspace       used 87289K, capacity 89493K, committed 89772K, reserved 1126400K
  class space    used 11347K, capacity 12186K, committed 12288K, reserved 1048576K
}
Event: 28.043 GC heap after
{Heap after GC invocations=24 (full 0):
 garbage-first heap   total 155648K, used 88030K [0x0000000080000000, 0x0000000100000000)
  region size 1024K, 5 young (5120K), 5 survivors (5120K)
 Metaspace       used 87289K, capacity 89493K, committed 89772K, reserved 1126400K
  class space    used 11347K, capacity 12186K, committed 12288K, reserved 1048576K
}
Event: 29.096 GC heap before
{Heap before GC invocations=24 (full 0):
 garbage-first heap   total 155648K, used 125918K [0x0000000080000000, 0x0000000100000000)
  region size 1024K, 43 young (44032K), 5 survivors (5120K)
 Metaspace       used 87513K, capacity 89756K, committed 90028K, reserved 1126400K
  class space    used 11359K, capacity 12200K, committed 12288K, reserved 1048576K
}
Event: 29.105 GC heap after
{Heap after GC invocations=25 (full 0):
 garbage-first heap   total 155648K, used 90226K [0x0000000080000000, 0x0000000100000000)
  region size 1024K, 5 young (5120K), 5 survivors (5120K)
 Metaspace       used 87513K, capacity 89756K, committed 90028K, reserved 1126400K
  class space    used 11359K, capacity 12200K, committed 12288K, reserved 1048576K
}
Event: 30.339 GC heap before
{Heap before GC invocations=26 (full 0):
 garbage-first heap   total 155648K, used 127090K [0x0000000080000000, 0x0000000100000000)
  region size 1024K, 42 young (43008K), 5 survivors (5120K)
 Metaspace       used 87746K, capacity 90021K, committed 90284K, reserved 1128448K
  class space    used 11360K, capacity 12189K, committed 12288K, reserved 1048576K
}
Event: 30.353 GC heap after
{Heap after GC invocations=27 (full 0):
 garbage-first heap   total 155648K, used 92778K [0x0000000080000000, 0x0000000100000000)
  region size 1024K, 4 young (4096K), 4 survivors (4096K)
 Metaspace       used 87746K, capacity 90021K, committed 90284K, reserved 1128448K
  class space    used 11360K, capacity 12189K, committed 12288K, reserved 1048576K
}
Event: 31.106 GC heap before
{Heap before GC invocations=27 (full 0):
 garbage-first heap   total 155648K, used 127594K [0x0000000080000000, 0x0000000100000000)
  region size 1024K, 39 young (39936K), 4 survivors (4096K)
 Metaspace       used 87818K, capacity 90038K, committed 90284K, reserved 1128448K
  class space    used 11362K, capacity 12191K, committed 12288K, reserved 1048576K
}
Event: 31.116 GC heap after
{Heap after GC invocations=28 (full 0):
 garbage-first heap   total 155648K, used 96238K [0x0000000080000000, 0x0000000100000000)
  region size 1024K, 4 young (4096K), 4 survivors (4096K)
 Metaspace       used 87818K, capacity 90038K, committed 90284K, reserved 1128448K
  class space    used 11362K, capacity 12191K, committed 12288K, reserved 1048576K
}
Event: 31.455 GC heap before
{Heap before GC invocations=29 (full 0):
 garbage-first heap   total 155648K, used 129006K [0x0000000080000000, 0x0000000100000000)
  region size 1024K, 37 young (37888K), 4 survivors (4096K)
 Metaspace       used 87899K, capacity 90094K, committed 90284K, reserved 1128448K
  class space    used 11373K, capacity 12202K, committed 12288K, reserved 1048576K
}
Event: 31.463 GC heap after
{Heap after GC invocations=30 (full 0):
 garbage-first heap   total 155648K, used 99369K [0x0000000080000000, 0x0000000100000000)
  region size 1024K, 4 young (4096K), 4 survivors (4096K)
 Metaspace       used 87899K, capacity 90094K, committed 90284K, reserved 1128448K
  class space    used 11373K, capacity 12202K, committed 12288K, reserved 1048576K
}
Event: 31.761 GC heap before
{Heap before GC invocations=30 (full 0):
 garbage-first heap   total 155648K, used 129065K [0x0000000080000000, 0x0000000100000000)
  region size 1024K, 34 young (34816K), 4 survivors (4096K)
 Metaspace       used 89403K, capacity 91661K, committed 91948K, reserved 1128448K
  class space    used 11513K, capacity 12327K, committed 12416K, reserved 1048576K
}
Event: 31.769 GC heap after
{Heap after GC invocations=31 (full 0):
 garbage-first heap   total 155648K, used 101216K [0x0000000080000000, 0x0000000100000000)
  region size 1024K, 4 young (4096K), 4 survivors (4096K)
 Metaspace       used 89403K, capacity 91661K, committed 91948K, reserved 1128448K
  class space    used 11513K, capacity 12327K, committed 12416K, reserved 1048576K
}
Event: 31.968 GC heap before
{Heap before GC invocations=31 (full 0):
 garbage-first heap   total 155648K, used 128864K [0x0000000080000000, 0x0000000100000000)
  region size 1024K, 32 young (32768K), 4 survivors (4096K)
 Metaspace       used 89996K, capacity 92269K, committed 92588K, reserved 1130496K
  class space    used 11605K, capacity 12423K, committed 12544K, reserved 1048576K
}
Event: 31.975 GC heap after
{Heap after GC invocations=32 (full 0):
 garbage-first heap   total 155648K, used 102967K [0x0000000080000000, 0x0000000100000000)
  region size 1024K, 3 young (3072K), 3 survivors (3072K)
 Metaspace       used 89996K, capacity 92269K, committed 92588K, reserved 1130496K
  class space    used 11605K, capacity 12423K, committed 12544K, reserved 1048576K
}
Event: 32.162 GC heap before
{Heap before GC invocations=33 (full 0):
 garbage-first heap   total 155648K, used 129591K [0x0000000080000000, 0x0000000100000000)
  region size 1024K, 30 young (30720K), 3 survivors (3072K)
 Metaspace       used 90463K, capacity 92717K, committed 92844K, reserved 1130496K
  class space    used 11665K, capacity 12487K, committed 12544K, reserved 1048576K
}
Event: 32.168 GC heap after
{Heap after GC invocations=34 (full 0):
 garbage-first heap   total 155648K, used 104565K [0x0000000080000000, 0x0000000100000000)
  region size 1024K, 3 young (3072K), 3 survivors (3072K)
 Metaspace       used 90463K, capacity 92717K, committed 92844K, reserved 1130496K
  class space    used 11665K, capacity 12487K, committed 12544K, reserved 1048576K
}
Event: 32.376 GC heap before
{Heap before GC invocations=34 (full 0):
 garbage-first heap   total 155648K, used 130165K [0x0000000080000000, 0x0000000100000000)
  region size 1024K, 29 young (29696K), 3 survivors (3072K)
 Metaspace       used 91005K, capacity 93233K, committed 93484K, reserved 1130496K
  class space    used 11737K, capacity 12552K, committed 12672K, reserved 1048576K
}
Event: 32.385 GC heap after
{Heap after GC invocations=35 (full 0):
 garbage-first heap   total 155648K, used 106433K [0x0000000080000000, 0x0000000100000000)
  region size 1024K, 3 young (3072K), 3 survivors (3072K)
 Metaspace       used 91005K, capacity 93233K, committed 93484K, reserved 1130496K
  class space    used 11737K, capacity 12552K, committed 12672K, reserved 1048576K
}
Event: 32.741 GC heap before
{Heap before GC invocations=36 (full 0):
 garbage-first heap   total 155648K, used 131009K [0x0000000080000000, 0x0000000100000000)
  region size 1024K, 28 young (28672K), 3 survivors (3072K)
 Metaspace       used 91920K, capacity 94193K, committed 94380K, reserved 1130496K
  class space    used 11852K, capacity 12680K, committed 12800K, reserved 1048576K
}

